{"/Users/macos/Documents/React/ny_articles/src/App.jsx": {"path":"/Users/macos/Documents/React/ny_articles/src/App.jsx","statementMap":{"0":{"start":{"line":7,"column":2},"end":{"line":13,"column":4}}},"fnMap":{"0":{"name":"App","decl":{"start":{"line":6,"column":9},"end":{"line":6,"column":12}},"loc":{"start":{"line":6,"column":15},"end":{"line":14,"column":1}},"line":6}},"branchMap":{},"s":{"0":0},"f":{"0":0},"b":{}}
,"/Users/macos/Documents/React/ny_articles/src/index.js": {"path":"/Users/macos/Documents/React/ny_articles/src/index.js","statementMap":{"0":{"start":{"line":7,"column":13},"end":{"line":7,"column":65}},"1":{"start":{"line":8,"column":0},"end":{"line":12,"column":2}},"2":{"start":{"line":17,"column":0},"end":{"line":17,"column":18}}},"fnMap":{},"branchMap":{},"s":{"0":0,"1":0,"2":0},"f":{},"b":{}}
,"/Users/macos/Documents/React/ny_articles/src/reportWebVitals.js": {"path":"/Users/macos/Documents/React/ny_articles/src/reportWebVitals.js","statementMap":{"0":{"start":{"line":1,"column":24},"end":{"line":11,"column":1}},"1":{"start":{"line":2,"column":2},"end":{"line":10,"column":3}},"2":{"start":{"line":3,"column":4},"end":{"line":9,"column":7}},"3":{"start":{"line":4,"column":6},"end":{"line":4,"column":26}},"4":{"start":{"line":5,"column":6},"end":{"line":5,"column":26}},"5":{"start":{"line":6,"column":6},"end":{"line":6,"column":26}},"6":{"start":{"line":7,"column":6},"end":{"line":7,"column":26}},"7":{"start":{"line":8,"column":6},"end":{"line":8,"column":27}}},"fnMap":{"0":{"name":"(anonymous_0)","decl":{"start":{"line":1,"column":24},"end":{"line":1,"column":25}},"loc":{"start":{"line":1,"column":39},"end":{"line":11,"column":1}},"line":1},"1":{"name":"(anonymous_1)","decl":{"start":{"line":3,"column":30},"end":{"line":3,"column":31}},"loc":{"start":{"line":3,"column":79},"end":{"line":9,"column":5}},"line":3}},"branchMap":{"0":{"loc":{"start":{"line":2,"column":2},"end":{"line":10,"column":3}},"type":"if","locations":[{"start":{"line":2,"column":2},"end":{"line":10,"column":3}},{"start":{},"end":{}}],"line":2},"1":{"loc":{"start":{"line":2,"column":6},"end":{"line":2,"column":52}},"type":"binary-expr","locations":[{"start":{"line":2,"column":6},"end":{"line":2,"column":17}},{"start":{"line":2,"column":21},"end":{"line":2,"column":52}}],"line":2}},"s":{"0":0,"1":0,"2":0,"3":0,"4":0,"5":0,"6":0,"7":0},"f":{"0":0,"1":0},"b":{"0":[0,0],"1":[0,0]}}
,"/Users/macos/Documents/React/ny_articles/src/components/ArticleDetail.jsx": {"path":"/Users/macos/Documents/React/ny_articles/src/components/ArticleDetail.jsx","statementMap":{"0":{"start":{"line":5,"column":22},"end":{"line":44,"column":1}},"1":{"start":{"line":6,"column":17},"end":{"line":6,"column":28}},"2":{"start":{"line":7,"column":18},"end":{"line":7,"column":62}},"3":{"start":{"line":7,"column":40},"end":{"line":7,"column":61}},"4":{"start":{"line":9,"column":2},"end":{"line":15,"column":3}},"5":{"start":{"line":10,"column":4},"end":{"line":14,"column":6}},"6":{"start":{"line":17,"column":2},"end":{"line":43,"column":4}},"7":{"start":{"line":46,"column":0},"end":{"line":57,"column":2}}},"fnMap":{"0":{"name":"(anonymous_0)","decl":{"start":{"line":5,"column":22},"end":{"line":5,"column":23}},"loc":{"start":{"line":5,"column":40},"end":{"line":44,"column":1}},"line":5},"1":{"name":"(anonymous_1)","decl":{"start":{"line":7,"column":33},"end":{"line":7,"column":34}},"loc":{"start":{"line":7,"column":40},"end":{"line":7,"column":61}},"line":7}},"branchMap":{"0":{"loc":{"start":{"line":9,"column":2},"end":{"line":15,"column":3}},"type":"if","locations":[{"start":{"line":9,"column":2},"end":{"line":15,"column":3}},{"start":{},"end":{}}],"line":9},"1":{"loc":{"start":{"line":38,"column":13},"end":{"line":38,"column":66}},"type":"binary-expr","locations":[{"start":{"line":38,"column":13},"end":{"line":38,"column":28}},{"start":{"line":38,"column":32},"end":{"line":38,"column":66}}],"line":38}},"s":{"0":0,"1":0,"2":0,"3":0,"4":0,"5":0,"6":0,"7":0},"f":{"0":0,"1":0},"b":{"0":[0,0],"1":[0,0]}}
,"/Users/macos/Documents/React/ny_articles/src/components/ArticleList.jsx": {"path":"/Users/macos/Documents/React/ny_articles/src/components/ArticleList.jsx","statementMap":{"0":{"start":{"line":5,"column":20},"end":{"line":47,"column":1}},"1":{"start":{"line":6,"column":2},"end":{"line":12,"column":3}},"2":{"start":{"line":7,"column":4},"end":{"line":11,"column":6}},"3":{"start":{"line":14,"column":2},"end":{"line":46,"column":4}},"4":{"start":{"line":21,"column":10},"end":{"line":42,"column":17}},"5":{"start":{"line":49,"column":0},"end":{"line":59,"column":2}}},"fnMap":{"0":{"name":"(anonymous_0)","decl":{"start":{"line":5,"column":20},"end":{"line":5,"column":21}},"loc":{"start":{"line":5,"column":38},"end":{"line":47,"column":1}},"line":5},"1":{"name":"(anonymous_1)","decl":{"start":{"line":20,"column":22},"end":{"line":20,"column":23}},"loc":{"start":{"line":21,"column":10},"end":{"line":42,"column":17}},"line":21}},"branchMap":{"0":{"loc":{"start":{"line":6,"column":2},"end":{"line":12,"column":3}},"type":"if","locations":[{"start":{"line":6,"column":2},"end":{"line":12,"column":3}},{"start":{},"end":{}}],"line":6}},"s":{"0":0,"1":0,"2":0,"3":0,"4":0,"5":0},"f":{"0":0,"1":0},"b":{"0":[0,0]}}
,"/Users/macos/Documents/React/ny_articles/src/components/ErrorBoundary.jsx": {"path":"/Users/macos/Documents/React/ny_articles/src/components/ErrorBoundary.jsx","statementMap":{},"fnMap":{},"branchMap":{},"s":{},"f":{},"b":{}}
,"/Users/macos/Documents/React/ny_articles/src/components/Loading.jsx": {"path":"/Users/macos/Documents/React/ny_articles/src/components/Loading.jsx","statementMap":{},"fnMap":{},"branchMap":{},"s":{},"f":{},"b":{}}
,"/Users/macos/Documents/React/ny_articles/src/containers/ArticlesContainer.jsx": {"path":"/Users/macos/Documents/React/ny_articles/src/containers/ArticlesContainer.jsx","statementMap":{"0":{"start":{"line":8,"column":26},"end":{"line":40,"column":1}},"1":{"start":{"line":9,"column":34},"end":{"line":9,"column":46}},"2":{"start":{"line":10,"column":32},"end":{"line":10,"column":46}},"3":{"start":{"line":11,"column":28},"end":{"line":11,"column":42}},"4":{"start":{"line":13,"column":2},"end":{"line":26,"column":9}},"5":{"start":{"line":14,"column":25},"end":{"line":23,"column":5}},"6":{"start":{"line":15,"column":6},"end":{"line":22,"column":7}},"7":{"start":{"line":16,"column":21},"end":{"line":16,"column":53}},"8":{"start":{"line":17,"column":8},"end":{"line":17,"column":26}},"9":{"start":{"line":19,"column":8},"end":{"line":19,"column":30}},"10":{"start":{"line":21,"column":8},"end":{"line":21,"column":26}},"11":{"start":{"line":25,"column":4},"end":{"line":25,"column":19}},"12":{"start":{"line":28,"column":2},"end":{"line":28,"column":44}},"13":{"start":{"line":28,"column":15},"end":{"line":28,"column":44}},"14":{"start":{"line":29,"column":2},"end":{"line":29,"column":46}},"15":{"start":{"line":29,"column":13},"end":{"line":29,"column":46}},"16":{"start":{"line":31,"column":2},"end":{"line":39,"column":4}}},"fnMap":{"0":{"name":"(anonymous_0)","decl":{"start":{"line":8,"column":26},"end":{"line":8,"column":27}},"loc":{"start":{"line":8,"column":32},"end":{"line":40,"column":1}},"line":8},"1":{"name":"(anonymous_1)","decl":{"start":{"line":13,"column":12},"end":{"line":13,"column":13}},"loc":{"start":{"line":13,"column":18},"end":{"line":26,"column":3}},"line":13},"2":{"name":"(anonymous_2)","decl":{"start":{"line":14,"column":25},"end":{"line":14,"column":26}},"loc":{"start":{"line":14,"column":37},"end":{"line":23,"column":5}},"line":14}},"branchMap":{"0":{"loc":{"start":{"line":28,"column":2},"end":{"line":28,"column":44}},"type":"if","locations":[{"start":{"line":28,"column":2},"end":{"line":28,"column":44}},{"start":{},"end":{}}],"line":28},"1":{"loc":{"start":{"line":29,"column":2},"end":{"line":29,"column":46}},"type":"if","locations":[{"start":{"line":29,"column":2},"end":{"line":29,"column":46}},{"start":{},"end":{}}],"line":29}},"s":{"0":0,"1":0,"2":0,"3":0,"4":0,"5":0,"6":0,"7":0,"8":0,"9":0,"10":0,"11":0,"12":0,"13":0,"14":0,"15":0,"16":0},"f":{"0":0,"1":0,"2":0},"b":{"0":[0,0],"1":[0,0]}}
,"/Users/macos/Documents/React/ny_articles/src/services/api.jsx": {"path":"/Users/macos/Documents/React/ny_articles/src/services/api.jsx","statementMap":{"0":{"start":{"line":3,"column":16},"end":{"line":3,"column":50}},"1":{"start":{"line":4,"column":17},"end":{"line":4,"column":61}},"2":{"start":{"line":6,"column":40},"end":{"line":15,"column":1}},"3":{"start":{"line":7,"column":2},"end":{"line":14,"column":3}},"4":{"start":{"line":8,"column":21},"end":{"line":10,"column":5}},"5":{"start":{"line":11,"column":4},"end":{"line":11,"column":33}},"6":{"start":{"line":13,"column":4},"end":{"line":13,"column":48}}},"fnMap":{"0":{"name":"(anonymous_0)","decl":{"start":{"line":6,"column":40},"end":{"line":6,"column":41}},"loc":{"start":{"line":6,"column":62},"end":{"line":15,"column":1}},"line":6}},"branchMap":{"0":{"loc":{"start":{"line":6,"column":47},"end":{"line":6,"column":57}},"type":"default-arg","locations":[{"start":{"line":6,"column":56},"end":{"line":6,"column":57}}],"line":6}},"s":{"0":0,"1":0,"2":0,"3":0,"4":0,"5":0,"6":0},"f":{"0":0},"b":{"0":[0]}}
,"/Users/macos/Documents/React/ny_articles/src/services/types.jsx": {"path":"/Users/macos/Documents/React/ny_articles/src/services/types.jsx","statementMap":{},"fnMap":{},"branchMap":{},"s":{},"f":{},"b":{}}
,"/Users/macos/Documents/React/ny_articles/src/utils/constants.js": {"path":"/Users/macos/Documents/React/ny_articles/src/utils/constants.js","statementMap":{},"fnMap":{},"branchMap":{},"s":{},"f":{},"b":{}}
,"/Users/macos/Documents/React/ny_articles/src/utils/helpers.js": {"path":"/Users/macos/Documents/React/ny_articles/src/utils/helpers.js","statementMap":{},"fnMap":{},"branchMap":{},"s":{},"f":{},"b":{}}
}
